  actor.cpp
d:\creacion de videojuegos\tecnicatura\mav2\tp1 - amico pablo\tp1-mav2-amico pablo\tp1-mav2-amico pablo\actor.cpp(44): warning C4244: 'return': conversión de 'double' a 'float'; posible pérdida de datos
  Colisionables.cpp
  juego.cpp
d:\creacion de videojuegos\tecnicatura\mav2\tp1 - amico pablo\tp1-mav2-amico pablo\tp1-mav2-amico pablo\juego.cpp(10): warning C4244: 'argumento': conversión de 'float' a 'unsigned int'; posible pérdida de datos
d:\creacion de videojuegos\tecnicatura\mav2\tp1 - amico pablo\tp1-mav2-amico pablo\tp1-mav2-amico pablo\juego.cpp(161): warning C4244: 'return': conversión de 'double' a 'float'; posible pérdida de datos
  main.cpp
  ragdoll.cpp
d:\creacion de videojuegos\tecnicatura\mav2\tp1 - amico pablo\tp1-mav2-amico pablo\tp1-mav2-amico pablo\ragdoll.cpp(29): warning C4305: 'argumento': truncamiento de 'double' a 'float32'
d:\creacion de videojuegos\tecnicatura\mav2\tp1 - amico pablo\tp1-mav2-amico pablo\tp1-mav2-amico pablo\ragdoll.cpp(30): warning C4305: 'argumento': truncamiento de 'double' a 'float32'
d:\creacion de videojuegos\tecnicatura\mav2\tp1 - amico pablo\tp1-mav2-amico pablo\tp1-mav2-amico pablo\ragdoll.cpp(31): warning C4305: 'argumento': truncamiento de 'double' a 'float32'
d:\creacion de videojuegos\tecnicatura\mav2\tp1 - amico pablo\tp1-mav2-amico pablo\tp1-mav2-amico pablo\ragdoll.cpp(32): warning C4305: 'argumento': truncamiento de 'double' a 'float32'
d:\creacion de videojuegos\tecnicatura\mav2\tp1 - amico pablo\tp1-mav2-amico pablo\tp1-mav2-amico pablo\ragdoll.cpp(33): warning C4305: 'argumento': truncamiento de 'double' a 'float32'
d:\creacion de videojuegos\tecnicatura\mav2\tp1 - amico pablo\tp1-mav2-amico pablo\tp1-mav2-amico pablo\ragdoll.cpp(34): warning C4305: 'argumento': truncamiento de 'double' a 'float32'
d:\creacion de videojuegos\tecnicatura\mav2\tp1 - amico pablo\tp1-mav2-amico pablo\tp1-mav2-amico pablo\ragdoll.cpp(47): warning C4244: 'argumento': conversión de 'double' a 'float32'; posible pérdida de datos
d:\creacion de videojuegos\tecnicatura\mav2\tp1 - amico pablo\tp1-mav2-amico pablo\tp1-mav2-amico pablo\ragdoll.cpp(48): warning C4244: 'argumento': conversión de 'double' a 'float32'; posible pérdida de datos
d:\creacion de videojuegos\tecnicatura\mav2\tp1 - amico pablo\tp1-mav2-amico pablo\tp1-mav2-amico pablo\ragdoll.cpp(49): warning C4244: 'argumento': conversión de 'double' a 'float32'; posible pérdida de datos
d:\creacion de videojuegos\tecnicatura\mav2\tp1 - amico pablo\tp1-mav2-amico pablo\tp1-mav2-amico pablo\ragdoll.cpp(50): warning C4244: 'argumento': conversión de 'double' a 'float32'; posible pérdida de datos
d:\creacion de videojuegos\tecnicatura\mav2\tp1 - amico pablo\tp1-mav2-amico pablo\tp1-mav2-amico pablo\ragdoll.cpp(51): warning C4244: 'argumento': conversión de 'double' a 'float32'; posible pérdida de datos
  Generando código...
  Tp1-MAV2-Amico Pablo.vcxproj -> D:\CREACION DE VIDEOJUEGOS\TECNICATURA\MAV2\tp1 - AMICO PABLO\Tp1-MAV2-Amico Pablo\Debug\Tp1-MAV2-Amico Pablo.exe
